TN:
SF:lambda/base-management/create-base.ts
FN:62,(anonymous_0)
FN:65,(anonymous_1)
FN:114,validatePlayerBaseLimit
FN:159,getBaseTemplate
FN:194,calculateSpawnCoordinates
FN:248,createPlayerBase
FNF:6
FNH:5
FNDA:12,(anonymous_0)
FNDA:12,(anonymous_1)
FNDA:8,validatePlayerBaseLimit
FNDA:5,getBaseTemplate
FNDA:0,calculateSpawnCoordinates
FNDA:4,createPlayerBase
DA:20,1
DA:21,1
DA:22,1
DA:25,1
DA:26,1
DA:27,1
DA:28,1
DA:31,1
DA:62,1
DA:65,12
DA:66,12
DA:72,12
DA:75,8
DA:78,5
DA:81,4
DA:84,4
DA:86,4
DA:93,4
DA:115,8
DA:117,8
DA:131,8
DA:132,7
DA:135,7
DA:137,7
DA:138,2
DA:145,3
DA:146,2
DA:148,1
DA:160,5
DA:161,5
DA:168,5
DA:170,5
DA:171,1
DA:178,4
DA:180,1
DA:181,1
DA:183,0
DA:195,0
DA:196,0
DA:198,0
DA:206,0
DA:207,0
DA:209,0
DA:210,0
DA:217,0
DA:225,0
DA:226,0
DA:227,0
DA:229,0
DA:234,0
DA:235,0
DA:237,0
DA:253,4
DA:254,4
DA:255,4
DA:258,4
DA:259,4
DA:261,4
DA:283,4
DA:289,4
DA:291,4
DA:293,0
LF:62
LH:45
BRDA:25,0,0,1
BRDA:25,0,1,1
BRDA:26,1,0,1
BRDA:26,1,1,1
BRDA:27,2,0,1
BRDA:27,2,1,1
BRDA:28,3,0,1
BRDA:28,3,1,1
BRDA:81,4,0,4
BRDA:81,4,1,0
BRDA:132,5,0,7
BRDA:132,5,1,0
BRDA:137,6,0,2
BRDA:137,6,1,5
BRDA:145,7,0,2
BRDA:145,7,1,1
BRDA:170,8,0,1
BRDA:170,8,1,4
BRDA:180,9,0,1
BRDA:180,9,1,0
BRDA:196,10,0,0
BRDA:196,10,1,0
BRDA:209,11,0,0
BRDA:209,11,1,0
BRDA:234,12,0,0
BRDA:234,12,1,0
BRDA:271,13,0,4
BRDA:271,13,1,0
BRDA:279,14,0,4
BRDA:279,14,1,0
BRF:30
BRH:19
end_of_record
TN:
SF:lambda/base-management/move-base.ts
FN:52,(anonymous_0)
FN:55,(anonymous_1)
FN:105,getPlayerBase
FN:143,validateMovement
FN:198,validateDestination
FN:244,calculateMovementDetails
FN:269,calculateDistance
FN:278,executeBaseMovement
FNF:8
FNH:0
FNDA:0,(anonymous_0)
FNDA:0,(anonymous_1)
FNDA:0,getPlayerBase
FNDA:0,validateMovement
FNDA:0,validateDestination
FNDA:0,calculateMovementDetails
FNDA:0,calculateDistance
FNDA:0,executeBaseMovement
DA:16,0
DA:17,0
DA:18,0
DA:20,0
DA:22,0
DA:52,0
DA:55,0
DA:56,0
DA:60,0
DA:63,0
DA:66,0
DA:69,0
DA:72,0
DA:75,0
DA:77,0
DA:86,0
DA:106,0
DA:107,0
DA:112,0
DA:114,0
DA:115,0
DA:122,0
DA:124,0
DA:125,0
DA:132,0
DA:134,0
DA:135,0
DA:148,0
DA:149,0
DA:150,0
DA:153,0
DA:154,0
DA:155,0
DA:166,0
DA:167,0
DA:175,0
DA:176,0
DA:177,0
DA:179,0
DA:180,0
DA:189,0
DA:190,0
DA:202,0
DA:203,0
DA:206,0
DA:222,0
DA:224,0
DA:225,0
DA:235,0
DA:236,0
DA:249,0
DA:251,0
DA:253,0
DA:254,0
DA:261,0
DA:262,0
DA:273,0
DA:274,0
DA:275,0
DA:283,0
DA:284,0
DA:285,0
DA:288,0
DA:289,0
DA:291,0
DA:295,0
DA:296,0
DA:303,0
DA:304,0
DA:305,0
DA:308,0
DA:320,0
DA:324,0
DA:327,0
LF:74
LH:0
BRDA:20,0,0,0
BRDA:20,0,1,0
BRDA:96,1,0,0
BRDA:96,1,1,0
BRDA:114,2,0,0
BRDA:114,2,1,0
BRDA:124,3,0,0
BRDA:124,3,1,0
BRDA:134,4,0,0
BRDA:134,4,1,0
BRDA:153,5,0,0
BRDA:153,5,1,0
BRDA:153,6,0,0
BRDA:153,6,1,0
BRDA:153,6,2,0
BRDA:166,7,0,0
BRDA:166,7,1,0
BRDA:166,8,0,0
BRDA:166,8,1,0
BRDA:175,9,0,0
BRDA:175,9,1,0
BRDA:179,10,0,0
BRDA:179,10,1,0
BRDA:189,11,0,0
BRDA:189,11,1,0
BRDA:224,12,0,0
BRDA:224,12,1,0
BRDA:224,13,0,0
BRDA:224,13,1,0
BRDA:235,14,0,0
BRDA:235,14,1,0
BRDA:251,15,0,0
BRDA:251,15,1,0
BRDA:291,16,0,0
BRDA:291,16,1,0
BRDA:295,17,0,0
BRDA:295,17,1,0
BRDA:303,18,0,0
BRDA:303,18,1,0
BRDA:315,19,0,0
BRDA:315,19,1,0
BRF:41
BRH:0
end_of_record
TN:
SF:lambda/base-management/upgrade-base.ts
FN:70,(anonymous_0)
FN:73,(anonymous_1)
FN:123,getPlayerBase
FN:161,validateUpgradeRequirements
FN:197,checkActiveUpgrades
FN:227,createUpgradeRecord
FN:275,completeInstantUpgrade
FN:333,calculateInstantUpgradeCost
FNF:8
FNH:8
FNDA:16,(anonymous_0)
FNDA:16,(anonymous_1)
FNDA:13,getPlayerBase
FNDA:9,validateUpgradeRequirements
FNDA:2,checkActiveUpgrades
FNDA:2,createUpgradeRecord
FNDA:1,completeInstantUpgrade
FNDA:1,calculateInstantUpgradeCost
DA:17,1
DA:18,1
DA:19,1
DA:21,1
DA:22,1
DA:23,1
DA:26,1
DA:70,1
DA:73,16
DA:74,16
DA:78,16
DA:81,13
DA:84,9
DA:87,2
DA:90,2
DA:93,2
DA:94,1
DA:97,2
DA:104,2
DA:124,13
DA:125,13
DA:130,13
DA:132,12
DA:133,1
DA:140,10
DA:142,10
DA:143,1
DA:150,9
DA:152,4
DA:153,2
DA:162,9
DA:163,9
DA:164,9
DA:166,9
DA:171,9
DA:173,9
DA:174,6
DA:181,2
DA:186,2
DA:188,7
DA:189,1
DA:198,2
DA:200,2
DA:208,2
DA:210,2
DA:211,0
DA:218,0
DA:219,0
DA:232,2
DA:233,2
DA:234,2
DA:235,2
DA:237,2
DA:255,2
DA:260,2
DA:261,2
DA:263,0
DA:276,1
DA:277,1
DA:280,1
DA:297,1
DA:317,1
DA:325,0
DA:335,1
LF:64
LH:59
BRDA:21,0,0,1
BRDA:21,0,1,1
BRDA:22,1,0,1
BRDA:22,1,1,1
BRDA:23,2,0,1
BRDA:23,2,1,1
BRDA:93,3,0,1
BRDA:93,3,1,1
BRDA:114,4,0,1
BRDA:114,4,1,1
BRDA:132,5,0,1
BRDA:132,5,1,10
BRDA:142,6,0,1
BRDA:142,6,1,9
BRDA:152,7,0,2
BRDA:152,7,1,2
BRDA:173,8,0,6
BRDA:173,8,1,2
BRDA:188,9,0,6
BRDA:188,9,1,1
BRDA:210,10,0,0
BRDA:210,10,1,2
BRDA:210,11,0,2
BRDA:210,11,1,0
BRDA:218,12,0,0
BRDA:218,12,1,0
BRDA:234,13,0,2
BRDA:234,13,1,0
BRDA:245,14,0,2
BRDA:245,14,1,0
BRDA:247,15,0,1
BRDA:247,15,1,1
BRF:32
BRH:26
end_of_record
TN:
SF:lambda/base-queries/get-base-details.ts
FN:39,(anonymous_0)
FN:42,(anonymous_1)
FN:93,getBaseDetails
FN:180,getActiveUpgrades
FN:199,(anonymous_4)
FN:222,calculateBaseMetrics
FN:257,calculateGoldProduction
FN:263,calculateFoodProduction
FN:269,calculateMaterialsProduction
FN:275,calculateEnergyProduction
FN:281,calculateDefenseRating
FN:290,calculateBaseScore
FN:300,calculateProductionEfficiency
FN:306,calculateDefenseEfficiency
FN:312,calculateStorageEfficiency
FN:318,calculateTerritoryValue
FN:324,calculateDefensivePosition
FN:333,calculateResourceAccessibility
FN:339,generateRecommendations
FNF:19
FNH:0
FNDA:0,(anonymous_0)
FNDA:0,(anonymous_1)
FNDA:0,getBaseDetails
FNDA:0,getActiveUpgrades
FNDA:0,(anonymous_4)
FNDA:0,calculateBaseMetrics
FNDA:0,calculateGoldProduction
FNDA:0,calculateFoodProduction
FNDA:0,calculateMaterialsProduction
FNDA:0,calculateEnergyProduction
FNDA:0,calculateDefenseRating
FNDA:0,calculateBaseScore
FNDA:0,calculateProductionEfficiency
FNDA:0,calculateDefenseEfficiency
FNDA:0,calculateStorageEfficiency
FNDA:0,calculateTerritoryValue
FNDA:0,calculateDefensivePosition
FNDA:0,calculateResourceAccessibility
FNDA:0,generateRecommendations
DA:14,0
DA:15,0
DA:16,0
DA:18,0
DA:19,0
DA:39,0
DA:42,0
DA:43,0
DA:48,0
DA:49,0
DA:51,0
DA:52,0
DA:60,0
DA:63,0
DA:66,0
DA:68,0
DA:75,0
DA:94,0
DA:95,0
DA:100,0
DA:102,0
DA:103,0
DA:110,0
DA:113,0
DA:168,0
DA:171,0
DA:172,0
DA:181,0
DA:182,0
DA:197,0
DA:199,0
DA:213,0
DA:218,0
DA:223,0
DA:225,0
DA:258,0
DA:259,0
DA:260,0
DA:264,0
DA:265,0
DA:266,0
DA:270,0
DA:271,0
DA:272,0
DA:276,0
DA:277,0
DA:278,0
DA:282,0
DA:283,0
DA:284,0
DA:285,0
DA:286,0
DA:287,0
DA:291,0
DA:292,0
DA:293,0
DA:294,0
DA:295,0
DA:297,0
DA:301,0
DA:302,0
DA:303,0
DA:307,0
DA:308,0
DA:309,0
DA:313,0
DA:314,0
DA:315,0
DA:320,0
DA:321,0
DA:325,0
DA:326,0
DA:328,0
DA:329,0
DA:330,0
DA:336,0
DA:340,0
DA:342,0
DA:343,0
DA:346,0
DA:347,0
DA:350,0
DA:351,0
DA:354,0
DA:355,0
DA:358,0
DA:359,0
DA:362,0
DA:363,0
DA:364,0
DA:367,0
LF:91
LH:0
BRDA:18,0,0,0
BRDA:18,0,1,0
BRDA:19,1,0,0
BRDA:19,1,1,0
BRDA:51,2,0,0
BRDA:51,2,1,0
BRDA:51,3,0,0
BRDA:51,3,1,0
BRDA:102,4,0,0
BRDA:102,4,1,0
BRDA:131,5,0,0
BRDA:131,5,1,0
BRDA:131,5,2,0
BRDA:133,6,0,0
BRDA:133,6,1,0
BRDA:137,7,0,0
BRDA:137,7,1,0
BRDA:137,7,2,0
BRDA:142,8,0,0
BRDA:142,8,1,0
BRDA:142,8,2,0
BRDA:159,9,0,0
BRDA:159,9,1,0
BRDA:162,10,0,0
BRDA:162,10,1,0
BRDA:171,11,0,0
BRDA:171,11,1,0
BRDA:199,12,0,0
BRDA:199,12,1,0
BRDA:240,13,0,0
BRDA:240,13,1,0
BRDA:240,13,2,0
BRDA:258,14,0,0
BRDA:258,14,1,0
BRDA:264,15,0,0
BRDA:264,15,1,0
BRDA:270,16,0,0
BRDA:270,16,1,0
BRDA:276,17,0,0
BRDA:276,17,1,0
BRDA:282,18,0,0
BRDA:282,18,1,0
BRDA:283,19,0,0
BRDA:283,19,1,0
BRDA:284,20,0,0
BRDA:284,20,1,0
BRDA:285,21,0,0
BRDA:285,21,1,0
BRDA:286,22,0,0
BRDA:286,22,1,0
BRDA:291,23,0,0
BRDA:291,23,1,0
BRDA:292,24,0,0
BRDA:292,24,1,0
BRDA:293,25,0,0
BRDA:293,25,1,0
BRDA:294,26,0,0
BRDA:294,26,1,0
BRDA:295,27,0,0
BRDA:295,27,1,0
BRDA:302,28,0,0
BRDA:302,28,1,0
BRDA:308,29,0,0
BRDA:308,29,1,0
BRDA:314,30,0,0
BRDA:314,30,1,0
BRDA:328,31,0,0
BRDA:328,31,1,0
BRDA:328,32,0,0
BRDA:328,32,1,0
BRDA:329,33,0,0
BRDA:329,33,1,0
BRDA:329,34,0,0
BRDA:329,34,1,0
BRDA:342,35,0,0
BRDA:342,35,1,0
BRDA:346,36,0,0
BRDA:346,36,1,0
BRDA:350,37,0,0
BRDA:350,37,1,0
BRDA:354,38,0,0
BRDA:354,38,1,0
BRDA:354,39,0,0
BRDA:354,39,1,0
BRDA:358,40,0,0
BRDA:358,40,1,0
BRDA:362,41,0,0
BRDA:362,41,1,0
BRDA:363,42,0,0
BRDA:363,42,1,0
BRF:90
BRH:0
end_of_record
TN:
SF:lambda/base-queries/list-bases.ts
FN:48,(anonymous_0)
FN:51,(anonymous_1)
FN:96,extractListBasesRequest
FN:109,getPlayerBases
FN:153,(anonymous_4)
FN:207,calculateBaseSummary
FN:224,(anonymous_6)
FN:234,(anonymous_7)
FN:235,(anonymous_8)
FN:236,(anonymous_9)
FN:237,(anonymous_10)
FN:240,(anonymous_11)
FN:247,(anonymous_12)
FN:248,(anonymous_13)
FN:252,(anonymous_14)
FN:255,(anonymous_15)
FN:256,(anonymous_16)
FNF:17
FNH:17
FNDA:12,(anonymous_0)
FNDA:12,(anonymous_1)
FNDA:12,extractListBasesRequest
FNDA:9,getPlayerBases
FNDA:9,(anonymous_4)
FNDA:7,calculateBaseSummary
FNDA:8,(anonymous_6)
FNDA:8,(anonymous_7)
FNDA:8,(anonymous_8)
FNDA:8,(anonymous_9)
FNDA:8,(anonymous_10)
FNDA:8,(anonymous_11)
FNDA:8,(anonymous_12)
FNDA:8,(anonymous_13)
FNDA:8,(anonymous_14)
FNDA:8,(anonymous_15)
FNDA:8,(anonymous_16)
DA:15,1
DA:16,1
DA:17,1
DA:19,1
DA:21,1
DA:48,1
DA:51,12
DA:52,12
DA:57,12
DA:60,12
DA:63,9
DA:66,7
DA:68,7
DA:74,7
DA:97,12
DA:98,12
DA:100,12
DA:113,9
DA:114,9
DA:117,9
DA:122,9
DA:123,1
DA:124,1
DA:129,9
DA:130,2
DA:133,9
DA:150,8
DA:153,7
DA:155,9
DA:164,9
DA:189,7
DA:193,7
DA:199,2
DA:208,7
DA:210,7
DA:223,7
DA:224,8
DA:232,6
DA:234,8
DA:235,8
DA:236,8
DA:237,8
DA:241,8
DA:242,8
DA:247,8
DA:248,8
DA:252,8
DA:255,8
DA:256,8
DA:259,6
DA:263,1
DA:268,1
LF:52
LH:52
BRDA:19,0,0,1
BRDA:19,0,1,1
BRDA:97,1,0,12
BRDA:97,1,1,0
BRDA:98,2,0,12
BRDA:98,2,1,0
BRDA:101,3,0,12
BRDA:101,3,1,1
BRDA:101,3,2,1
BRDA:102,4,0,12
BRDA:102,4,1,10
BRDA:103,5,0,2
BRDA:103,5,1,10
BRDA:122,6,0,1
BRDA:122,6,1,8
BRDA:129,7,0,2
BRDA:129,7,1,7
BRDA:144,8,0,1
BRDA:144,8,1,8
BRDA:153,9,0,7
BRDA:153,9,1,0
BRDA:168,10,0,9
BRDA:168,10,1,0
BRDA:169,11,0,9
BRDA:169,11,1,8
BRDA:169,11,2,0
BRDA:179,12,0,9
BRDA:179,12,1,1
BRDA:179,12,2,0
BRDA:182,13,0,9
BRDA:182,13,1,0
BRDA:182,13,2,0
BRDA:189,14,0,0
BRDA:189,14,1,7
BRDA:224,15,0,6
BRDA:224,15,1,0
BRDA:241,16,0,8
BRDA:241,16,1,6
BRDA:246,17,0,5
BRDA:246,17,1,1
BRDA:247,18,0,8
BRDA:247,18,1,0
BRDA:248,19,0,5
BRDA:248,19,1,1
BRDA:248,20,0,8
BRDA:248,20,1,0
BRDA:255,21,0,5
BRDA:255,21,1,1
BRDA:256,22,0,5
BRDA:256,22,1,1
BRF:50
BRH:38
end_of_record
TN:
SF:lambda/spawn-management/calculate-spawn-location.ts
FN:55,(anonymous_0)
FN:58,(anonymous_1)
FN:96,calculateOptimalSpawnLocation
FN:132,getFriendLocations
FN:166,analyzePopulationDensity
FN:186,(anonymous_5)
FN:199,generateSpawnCandidates
FN:241,getRegionBounds
FN:260,calculateCenterPoint
FN:264,(anonymous_9)
FN:274,isWithinBounds
FN:282,scoreSpawnCandidates
FN:293,(anonymous_12)
FN:309,(anonymous_13)
FN:332,(anonymous_14)
FN:335,selectOptimalSpawn
FN:370,reserveSpawnLocation
FNF:17
FNH:0
FNDA:0,(anonymous_0)
FNDA:0,(anonymous_1)
FNDA:0,calculateOptimalSpawnLocation
FNDA:0,getFriendLocations
FNDA:0,analyzePopulationDensity
FNDA:0,(anonymous_5)
FNDA:0,generateSpawnCandidates
FNDA:0,getRegionBounds
FNDA:0,calculateCenterPoint
FNDA:0,(anonymous_9)
FNDA:0,isWithinBounds
FNDA:0,scoreSpawnCandidates
FNDA:0,(anonymous_12)
FNDA:0,(anonymous_13)
FNDA:0,(anonymous_14)
FNDA:0,selectOptimalSpawn
FNDA:0,reserveSpawnLocation
DA:12,0
DA:13,0
DA:14,0
DA:16,0
DA:17,0
DA:19,0
DA:55,0
DA:58,0
DA:59,0
DA:63,0
DA:66,0
DA:69,0
DA:71,0
DA:78,0
DA:99,0
DA:101,0
DA:106,0
DA:109,0
DA:116,0
DA:119,0
DA:121,0
DA:124,0
DA:133,0
DA:134,0
DA:136,0
DA:137,0
DA:151,0
DA:153,0
DA:154,0
DA:158,0
DA:161,0
DA:162,0
DA:167,0
DA:168,0
DA:171,0
DA:183,0
DA:186,0
DA:187,0
DA:188,0
DA:191,0
DA:194,0
DA:195,0
DA:204,0
DA:205,0
DA:208,0
DA:211,0
DA:212,0
DA:213,0
DA:215,0
DA:216,0
DA:217,0
DA:218,0
DA:219,0
DA:220,0
DA:223,0
DA:224,0
DA:230,0
DA:231,0
DA:232,0
DA:233,0
DA:235,0
DA:238,0
DA:242,0
DA:244,0
DA:246,0
DA:248,0
DA:250,0
DA:252,0
DA:254,0
DA:256,0
DA:261,0
DA:263,0
DA:264,0
DA:268,0
DA:278,0
DA:293,0
DA:295,0
DA:296,0
DA:299,0
DA:300,0
DA:303,0
DA:306,0
DA:307,0
DA:308,0
DA:309,0
DA:315,0
DA:319,0
DA:322,0
DA:332,0
DA:346,0
DA:349,0
DA:350,0
DA:351,0
DA:352,0
DA:353,0
DA:354,0
DA:355,0
DA:356,0
DA:357,0
DA:360,0
DA:371,0
DA:372,0
DA:374,0
DA:394,0
DA:397,0
LF:105
LH:0
BRDA:16,0,0,0
BRDA:16,0,1,0
BRDA:17,1,0,0
BRDA:17,1,1,0
BRDA:101,2,0,0
BRDA:101,2,1,0
BRDA:101,3,0,0
BRDA:101,3,1,0
BRDA:153,4,0,0
BRDA:153,4,1,0
BRDA:153,5,0,0
BRDA:153,5,1,0
BRDA:188,6,0,0
BRDA:188,6,1,0
BRDA:211,7,0,0
BRDA:211,7,1,0
BRDA:223,8,0,0
BRDA:223,8,1,0
BRDA:244,9,0,0
BRDA:244,9,1,0
BRDA:244,9,2,0
BRDA:244,9,3,0
BRDA:244,9,4,0
BRDA:244,9,5,0
BRDA:261,10,0,0
BRDA:261,10,1,0
BRDA:278,11,0,0
BRDA:278,11,1,0
BRDA:278,11,2,0
BRDA:278,11,3,0
BRDA:307,12,0,0
BRDA:307,12,1,0
BRDA:350,13,0,0
BRDA:350,13,1,0
BRDA:352,14,0,0
BRDA:352,14,1,0
BRDA:354,15,0,0
BRDA:354,15,1,0
BRDA:356,16,0,0
BRDA:356,16,1,0
BRF:40
BRH:0
end_of_record
TN:
SF:lambda/types/game-base-types.ts
FNF:0
FNH:0
LF:0
LH:0
BRF:0
BRH:0
end_of_record
TN:
SF:lambda/types/node-env.d.ts
FNF:0
FNH:0
LF:0
LH:0
BRF:0
BRH:0
end_of_record
TN:
SF:lib/game-base-service-stack.ts
FN:45,(anonymous_0)
FN:102,(anonymous_1)
FNF:2
FNH:0
FNDA:0,(anonymous_0)
FNDA:0,(anonymous_1)
DA:46,0
DA:49,0
DA:52,0
DA:58,0
DA:70,0
DA:84,0
DA:99,0
DA:103,0
DA:109,0
DA:115,0
DA:121,0
LF:11
LH:0
BRF:0
BRH:0
end_of_record
TN:
SF:lib/shared-mocks.ts
FN:14,(anonymous_0)
FN:18,(anonymous_1)
FN:22,(anonymous_2)
FN:26,(anonymous_3)
FN:30,(anonymous_4)
FN:42,(anonymous_5)
FN:51,(anonymous_6)
FN:74,(anonymous_7)
FN:91,(anonymous_8)
FN:117,(anonymous_9)
FN:140,(anonymous_10)
FNF:11
FNH:7
FNDA:3,(anonymous_0)
FNDA:53,(anonymous_1)
FNDA:1,(anonymous_2)
FNDA:27,(anonymous_3)
FNDA:0,(anonymous_4)
FNDA:27,(anonymous_5)
FNDA:40,(anonymous_6)
FNDA:28,(anonymous_7)
FNDA:0,(anonymous_8)
FNDA:0,(anonymous_9)
FNDA:0,(anonymous_10)
DA:15,3
DA:19,53
DA:23,1
DA:27,27
DA:31,0
DA:32,0
DA:43,27
DA:44,27
DA:45,27
DA:46,27
DA:51,3
DA:55,40
DA:56,40
DA:58,27
DA:60,27
DA:61,24
DA:65,3
DA:74,3
DA:78,28
DA:79,0
DA:82,28
DA:83,28
DA:84,26
DA:86,7
DA:91,3
DA:97,0
DA:117,3
DA:118,0
DA:120,0
DA:141,0
DA:143,0
LF:31
LH:23
BRDA:19,0,0,53
BRDA:19,0,1,0
BRDA:23,1,0,1
BRDA:23,1,1,0
BRDA:27,2,0,27
BRDA:27,2,1,0
BRDA:31,3,0,0
BRDA:31,3,1,0
BRDA:32,4,0,0
BRDA:32,4,1,0
BRDA:60,5,0,24
BRDA:60,5,1,3
BRDA:66,6,0,3
BRDA:66,6,1,0
BRDA:78,7,0,0
BRDA:78,7,1,28
BRDA:97,8,0,0
BRDA:97,8,1,0
BRDA:118,9,0,0
BRDA:118,9,1,0
BRDA:118,9,2,0
BRDA:122,10,0,0
BRDA:122,10,1,0
BRDA:125,11,0,0
BRDA:125,11,1,0
BRDA:125,12,0,0
BRDA:125,12,1,0
BRDA:129,13,0,0
BRDA:129,13,1,0
BRDA:130,14,0,0
BRDA:130,14,1,0
BRF:31
BRH:7
end_of_record
TN:
SF:lib/config/environment-config.ts
FN:59,getGameBaseServiceConfig
FN:111,getRegionForEnvironment
FN:124,getAccountForEnvironment
FN:137,getBudgetForEnvironment
FNF:4
FNH:0
FNDA:0,getGameBaseServiceConfig
FNDA:0,getRegionForEnvironment
FNDA:0,getAccountForEnvironment
FNDA:0,getBudgetForEnvironment
DA:60,0
DA:108,0
DA:112,0
DA:114,0
DA:116,0
DA:118,0
DA:120,0
DA:125,0
DA:127,0
DA:129,0
DA:131,0
DA:133,0
DA:138,0
DA:140,0
DA:142,0
DA:144,0
DA:146,0
LF:17
LH:0
BRDA:71,0,0,0
BRDA:71,0,1,0
BRDA:81,1,0,0
BRDA:81,1,1,0
BRDA:88,2,0,0
BRDA:88,2,1,0
BRDA:95,3,0,0
BRDA:95,3,1,0
BRDA:97,4,0,0
BRDA:97,4,1,0
BRDA:98,5,0,0
BRDA:98,5,1,0
BRDA:112,6,0,0
BRDA:112,6,1,0
BRDA:112,6,2,0
BRDA:112,6,3,0
BRDA:125,7,0,0
BRDA:125,7,1,0
BRDA:125,7,2,0
BRDA:125,7,3,0
BRDA:138,8,0,0
BRDA:138,8,1,0
BRDA:138,8,2,0
BRDA:138,8,3,0
BRF:24
BRH:0
end_of_record
TN:
SF:lib/constructs/base-game-apis-construct.ts
FN:50,(anonymous_0)
FN:73,(anonymous_1)
FN:142,(anonymous_2)
FN:263,(anonymous_3)
FN:285,(anonymous_4)
FN:343,(anonymous_5)
FN:380,(anonymous_6)
FN:395,(anonymous_7)
FNF:8
FNH:0
FNDA:0,(anonymous_0)
FNDA:0,(anonymous_1)
FNDA:0,(anonymous_2)
FNDA:0,(anonymous_3)
FNDA:0,(anonymous_4)
FNDA:0,(anonymous_5)
FNDA:0,(anonymous_6)
FNDA:0,(anonymous_7)
DA:51,0
DA:53,0
DA:56,0
DA:59,0
DA:62,0
DA:65,0
DA:66,0
DA:67,0
DA:70,0
DA:74,0
DA:143,0
DA:146,0
DA:175,0
DA:195,0
DA:219,0
DA:235,0
DA:260,0
DA:264,0
DA:291,0
DA:294,0
DA:316,0
DA:319,0
DA:320,0
DA:331,0
DA:332,0
DA:349,0
DA:350,0
DA:353,0
DA:356,0
DA:368,0
DA:371,0
DA:386,0
DA:389,0
DA:390,0
DA:400,0
LF:35
LH:0
BRDA:102,0,0,0
BRDA:102,0,1,0
BRDA:110,1,0,0
BRDA:110,1,1,0
BRDA:111,2,0,0
BRDA:111,2,1,0
BRF:6
BRH:0
end_of_record
TN:
SF:lib/constructs/base-game-lambdas-construct.ts
FN:47,(anonymous_0)
FN:134,(anonymous_1)
FN:150,(anonymous_2)
FN:165,(anonymous_3)
FNF:4
FNH:0
FNDA:0,(anonymous_0)
FNDA:0,(anonymous_1)
FNDA:0,(anonymous_2)
FNDA:0,(anonymous_3)
DA:48,0
DA:50,0
DA:53,0
DA:77,0
DA:86,0
DA:95,0
DA:104,0
DA:113,0
DA:122,0
DA:131,0
DA:140,0
DA:150,0
DA:152,0
DA:155,0
DA:158,0
DA:161,0
DA:165,0
DA:166,0
DA:177,0
DA:178,0
LF:20
LH:0
BRDA:72,0,0,0
BRDA:72,0,1,0
BRDA:177,1,0,0
BRDA:177,1,1,0
BRF:4
BRH:0
end_of_record
TN:
SF:lib/constructs/base-game-monitoring-construct.ts
FN:42,(anonymous_0)
FN:66,(anonymous_1)
FN:75,(anonymous_2)
FN:152,(anonymous_3)
FN:208,(anonymous_4)
FN:209,(anonymous_5)
FN:241,(anonymous_6)
FN:242,(anonymous_7)
FN:243,(anonymous_8)
FN:244,(anonymous_9)
FN:248,(anonymous_10)
FN:279,(anonymous_11)
FN:280,(anonymous_12)
FN:321,(anonymous_13)
FN:357,(anonymous_14)
FN:375,(anonymous_15)
FNF:16
FNH:0
FNDA:0,(anonymous_0)
FNDA:0,(anonymous_1)
FNDA:0,(anonymous_2)
FNDA:0,(anonymous_3)
FNDA:0,(anonymous_4)
FNDA:0,(anonymous_5)
FNDA:0,(anonymous_6)
FNDA:0,(anonymous_7)
FNDA:0,(anonymous_8)
FNDA:0,(anonymous_9)
FNDA:0,(anonymous_10)
FNDA:0,(anonymous_11)
FNDA:0,(anonymous_12)
FNDA:0,(anonymous_13)
FNDA:0,(anonymous_14)
FNDA:0,(anonymous_15)
DA:43,0
DA:45,0
DA:48,0
DA:51,0
DA:54,0
DA:57,0
DA:60,0
DA:63,0
DA:67,0
DA:80,0
DA:86,0
DA:89,0
DA:92,0
DA:95,0
DA:112,0
DA:130,0
DA:149,0
DA:153,0
DA:155,0
DA:209,0
DA:240,0
DA:241,0
DA:242,0
DA:243,0
DA:244,0
DA:249,0
DA:280,0
DA:281,0
DA:284,0
DA:302,0
DA:323,0
DA:340,0
DA:359,0
DA:376,0
DA:378,0
LF:35
LH:0
BRDA:376,0,0,0
BRDA:376,0,1,0
BRF:2
BRH:0
end_of_record
TN:
SF:lib/constructs/base-game-tables-construct.ts
FN:32,(anonymous_0)
FN:50,(anonymous_1)
FN:115,(anonymous_2)
FN:150,(anonymous_3)
FN:192,(anonymous_4)
FNF:5
FNH:0
FNDA:0,(anonymous_0)
FNDA:0,(anonymous_1)
FNDA:0,(anonymous_2)
FNDA:0,(anonymous_3)
FNDA:0,(anonymous_4)
DA:33,0
DA:35,0
DA:38,0
DA:41,0
DA:44,0
DA:47,0
DA:51,0
DA:73,0
DA:86,0
DA:99,0
DA:112,0
DA:116,0
DA:134,0
DA:147,0
DA:151,0
DA:176,0
DA:189,0
DA:193,0
DA:218,0
DA:231,0
DA:244,0
LF:21
LH:0
BRDA:61,0,0,0
BRDA:61,0,1,0
BRDA:67,1,0,0
BRDA:67,1,1,0
BRDA:122,2,0,0
BRDA:122,2,1,0
BRDA:128,3,0,0
BRDA:128,3,1,0
BRDA:161,4,0,0
BRDA:161,4,1,0
BRDA:167,5,0,0
BRDA:167,5,1,0
BRDA:203,6,0,0
BRDA:203,6,1,0
BRDA:209,7,0,0
BRDA:209,7,1,0
BRF:16
BRH:0
end_of_record
